| Loading Grails 2.5.4
| Configuring classpath
| Configuring classpath.
| Environment set to production
| Environment set to production.
| Environment set to production..
| Environment set to production...
| Environment set to production....
| Environment set to production.....
| Packaging Grails application
scm.version : e678f30e497fbe975b08f33936f9b87cf01c413f
build.date : 18/Sep/2018; 15:50:40
build.timezone : Europe/London
build.java : 1.8.0_181
build.groovy : 2.4.4
env.os : -
env.username : pmr
env.computer : -
env.proc.type : -
env.proc.cores : -
plugin.folder-management.env.os : -
plugin.folder-management.env.proc.cores : -
plugin.folder-management.env.proc.type : -
plugin.folder-management.build.java : 1.8.0_181
plugin.folder-management.build.date : 13/Sep/2018; 14:10:11
plugin.folder-management.env.username : pmr
plugin.folder-management.app.servlet.version : 2.5
plugin.folder-management.build.groovy : 2.4.4
plugin.folder-management.build.timezone : Europe/London
plugin.folder-management.app.name : folder-management
plugin.folder-management.env.computer : -
plugin.folder-management.app.grails.version : 2.5.4
plugin.folder-management.scm.version : bd7fbe92c8a78f764f2f7015b01d3fe985fa394e
plugin.search-domain.env.os : -
plugin.search-domain.env.proc.cores : -
plugin.search-domain.env.proc.type : -
plugin.search-domain.build.java : 1.8.0_181
plugin.search-domain.build.date : 13/Sep/2018; 14:09:38
plugin.search-domain.env.username : pmr
plugin.search-domain.app.servlet.version : 2.5
plugin.search-domain.build.groovy : 2.4.4
plugin.search-domain.build.timezone : Europe/London
plugin.search-domain.app.name : search-domain
plugin.search-domain.env.computer : -
plugin.search-domain.app.grails.version : 2.5.4
plugin.search-domain.scm.version : bd7fbe92c8a78f764f2f7015b01d3fe985fa394e
plugin.transmart-xnat-importer.env.os : -
plugin.transmart-xnat-importer.env.proc.cores : -
plugin.transmart-xnat-importer.env.proc.type : -
plugin.transmart-xnat-importer.build.java : 1.8.0_181
plugin.transmart-xnat-importer.build.date : 13/Sep/2018; 18:41:31
plugin.transmart-xnat-importer.env.username : pmr
plugin.transmart-xnat-importer.build.groovy : 2.4.4
plugin.transmart-xnat-importer.build.timezone : Europe/London
plugin.transmart-xnat-importer.app.name : transmart-xnat-importer-plugin
plugin.transmart-xnat-importer.env.computer : -
plugin.transmart-xnat-importer.app.grails.version : 2.5.4
plugin.transmart-xnat-importer.scm.version : bd7fbe92c8a78f764f2f7015b01d3fe985fa394e
plugin.rdc-rmodules.env.os : -
plugin.rdc-rmodules.env.proc.cores : -
plugin.rdc-rmodules.env.proc.type : -
plugin.rdc-rmodules.build.java : 1.8.0_181
plugin.rdc-rmodules.build.date : 13/Sep/2018; 14:25:27
plugin.rdc-rmodules.env.username : pmr
plugin.rdc-rmodules.app.servlet.version : 2.5
plugin.rdc-rmodules.build.groovy : 2.4.4
plugin.rdc-rmodules.build.timezone : Europe/London
plugin.rdc-rmodules.app.name : rdc-rmodules
plugin.rdc-rmodules.env.computer : -
plugin.rdc-rmodules.app.grails.version : 2.5.4
plugin.rdc-rmodules.scm.version : bd7fbe92c8a78f764f2f7015b01d3fe985fa394e
plugin.transmart-metacore-plugin.env.os : -
plugin.transmart-metacore-plugin.env.proc.cores : -
plugin.transmart-metacore-plugin.env.proc.type : -
plugin.transmart-metacore-plugin.build.java : 1.8.0_181
plugin.transmart-metacore-plugin.build.date : 13/Sep/2018; 14:25:46
plugin.transmart-metacore-plugin.env.username : pmr
plugin.transmart-metacore-plugin.build.groovy : 2.4.4
plugin.transmart-metacore-plugin.build.timezone : Europe/London
plugin.transmart-metacore-plugin.app.name : transmart-metacore-plugin
plugin.transmart-metacore-plugin.env.computer : -
plugin.transmart-metacore-plugin.app.grails.version : 2.5.4
plugin.transmart-metacore-plugin.scm.version : bd7fbe92c8a78f764f2f7015b01d3fe985fa394e
plugin.transmart-core.env.os : -
plugin.transmart-core.env.proc.cores : -
plugin.transmart-core.env.proc.type : -
plugin.transmart-core.build.java : 1.8.0_181
plugin.transmart-core.build.date : 13/Sep/2018; 14:01:40
plugin.transmart-core.env.username : pmr
plugin.transmart-core.app.servlet.version : 2.5
plugin.transmart-core.build.groovy : 2.4.4
plugin.transmart-core.build.timezone : Europe/London
plugin.transmart-core.app.name : transmart-core
plugin.transmart-core.env.computer : -
plugin.transmart-core.app.grails.version : 2.5.4
plugin.transmart-core.scm.version : bd7fbe92c8a78f764f2f7015b01d3fe985fa394e
plugin.smart-r.env.os : -
plugin.smart-r.env.proc.cores : -
plugin.smart-r.env.proc.type : -
plugin.smart-r.build.java : 1.8.0_181
plugin.smart-r.build.date : 13/Sep/2018; 18:31:20
plugin.smart-r.env.username : pmr
plugin.smart-r.app.servlet.version : 2.5
plugin.smart-r.build.groovy : 2.4.4
plugin.smart-r.build.timezone : Europe/London
plugin.smart-r.app.name : smart-r
plugin.smart-r.env.computer : -
plugin.smart-r.app.grails.version : 2.5.4
plugin.smart-r.scm.version : bd7fbe92c8a78f764f2f7015b01d3fe985fa394e
plugin.transmart-rest-api.env.os : -
plugin.transmart-rest-api.env.proc.cores : -
plugin.transmart-rest-api.env.proc.type : -
plugin.transmart-rest-api.build.java : 1.8.0_181
plugin.transmart-rest-api.build.date : 13/Sep/2018; 19:24:29
plugin.transmart-rest-api.env.username : pmr
plugin.transmart-rest-api.app.servlet.version : 3.0
plugin.transmart-rest-api.build.groovy : 2.4.4
plugin.transmart-rest-api.build.timezone : Europe/London
plugin.transmart-rest-api.app.name : transmart-rest-api
plugin.transmart-rest-api.env.computer : -
plugin.transmart-rest-api.app.grails.version : 2.5.4
plugin.transmart-rest-api.scm.version : bd7fbe92c8a78f764f2f7015b01d3fe985fa394e
plugin.transmart-core-db-tests.env.os : -
plugin.transmart-core-db-tests.env.proc.cores : -
plugin.transmart-core-db-tests.env.proc.type : -
plugin.transmart-core-db-tests.build.java : 1.8.0_181
plugin.transmart-core-db-tests.build.date : 13/Sep/2018; 14:03:09
plugin.transmart-core-db-tests.env.username : pmr
plugin.transmart-core-db-tests.app.servlet.version : 2.5
plugin.transmart-core-db-tests.build.groovy : 2.4.4
plugin.transmart-core-db-tests.build.timezone : Europe/London
plugin.transmart-core-db-tests.app.name : transmart-core-db-tests
plugin.transmart-core-db-tests.env.computer : -
plugin.transmart-core-db-tests.app.grails.version : 2.5.4
plugin.transmart-core-db-tests.scm.version : bd7fbe92c8a78f764f2f7015b01d3fe985fa394e
plugin.transmart-java.env.os : -
plugin.transmart-java.env.proc.cores : -
plugin.transmart-java.env.proc.type : -
plugin.transmart-java.build.java : 1.8.0_181
plugin.transmart-java.build.date : 13/Sep/2018; 14:08:05
plugin.transmart-java.env.username : pmr
plugin.transmart-java.app.servlet.version : 2.5
plugin.transmart-java.build.groovy : 2.4.4
plugin.transmart-java.build.timezone : Europe/London
plugin.transmart-java.app.name : transmart-java
plugin.transmart-java.env.computer : -
plugin.transmart-java.app.grails.version : 2.5.4
plugin.transmart-java.scm.version : bd7fbe92c8a78f764f2f7015b01d3fe985fa394e
plugin.galaxy-export-plugin.env.os : -
plugin.galaxy-export-plugin.env.proc.cores : -
plugin.galaxy-export-plugin.env.proc.type : -
plugin.galaxy-export-plugin.build.java : 1.8.0_181
plugin.galaxy-export-plugin.build.date : 13/Sep/2018; 19:27:02
plugin.galaxy-export-plugin.env.username : pmr
plugin.galaxy-export-plugin.app.servlet.version : 2.5
plugin.galaxy-export-plugin.build.groovy : 2.4.4
plugin.galaxy-export-plugin.build.timezone : Europe/London
plugin.galaxy-export-plugin.app.name : galaxy-export-plugin
plugin.galaxy-export-plugin.env.computer : -
plugin.galaxy-export-plugin.app.grails.version : 2.5.4
plugin.galaxy-export-plugin.scm.version : bd7fbe92c8a78f764f2f7015b01d3fe985fa394e
plugin.transmart-legacy-db.env.os : -
plugin.transmart-legacy-db.env.proc.cores : -
plugin.transmart-legacy-db.env.proc.type : -
plugin.transmart-legacy-db.build.java : 1.8.0_181
plugin.transmart-legacy-db.build.date : 12/Sep/2018; 15:40:38
plugin.transmart-legacy-db.env.username : pmr
plugin.transmart-legacy-db.app.servlet.version : 2.5
plugin.transmart-legacy-db.build.groovy : 2.4.4
plugin.transmart-legacy-db.build.timezone : Europe/London
plugin.transmart-legacy-db.app.name : transmart-legacy-db
plugin.transmart-legacy-db.env.computer : -
plugin.transmart-legacy-db.app.grails.version : 2.5.4
plugin.transmart-legacy-db.scm.version : bd7fbe92c8a78f764f2f7015b01d3fe985fa394e
plugin.biomart-domain.env.os : -
plugin.biomart-domain.env.proc.cores : -
plugin.biomart-domain.env.proc.type : -
plugin.biomart-domain.build.java : 1.8.0_181
plugin.biomart-domain.build.date : 13/Sep/2018; 14:08:39
plugin.biomart-domain.env.username : pmr
plugin.biomart-domain.app.servlet.version : 2.5
plugin.biomart-domain.build.groovy : 2.4.4
plugin.biomart-domain.build.timezone : Europe/London
plugin.biomart-domain.app.name : biomart-domain
plugin.biomart-domain.env.computer : -
plugin.biomart-domain.app.grails.version : 2.5.4
plugin.biomart-domain.scm.version : bd7fbe92c8a78f764f2f7015b01d3fe985fa394e
plugin.transmart-gwas-plink.env.os : -
plugin.transmart-gwas-plink.env.proc.cores : -
plugin.transmart-gwas-plink.env.proc.type : -
plugin.transmart-gwas-plink.build.java : 1.8.0_181
plugin.transmart-gwas-plink.build.date : 13/Sep/2018; 19:19:47
plugin.transmart-gwas-plink.env.username : pmr
plugin.transmart-gwas-plink.build.groovy : 2.4.4
plugin.transmart-gwas-plink.build.timezone : Europe/London
plugin.transmart-gwas-plink.app.name : transmart-gwas-plink
plugin.transmart-gwas-plink.env.computer : -
plugin.transmart-gwas-plink.app.grails.version : 2.5.4
plugin.transmart-gwas-plink.scm.version : bd7fbe92c8a78f764f2f7015b01d3fe985fa394e
plugin.transmart-gwas.env.os : -
plugin.transmart-gwas.env.proc.cores : -
plugin.transmart-gwas.env.proc.type : -
plugin.transmart-gwas.build.java : 1.8.0_181
plugin.transmart-gwas.build.date : 13/Sep/2018; 19:13:17
plugin.transmart-gwas.env.username : pmr
plugin.transmart-gwas.app.servlet.version : 2.5
plugin.transmart-gwas.build.groovy : 2.4.4
plugin.transmart-gwas.build.timezone : Europe/London
plugin.transmart-gwas.app.name : transmart-gwas
plugin.transmart-gwas.env.computer : -
plugin.transmart-gwas.app.grails.version : 2.5.4
plugin.transmart-gwas.scm.version : bd7fbe92c8a78f764f2f7015b01d3fe985fa394e
plugin.xnat-viewer.env.os : -
plugin.xnat-viewer.env.proc.cores : -
plugin.xnat-viewer.env.proc.type : -
plugin.xnat-viewer.build.java : 1.8.0_181
plugin.xnat-viewer.build.date : 13/Sep/2018; 18:39:12
plugin.xnat-viewer.env.username : pmr
plugin.xnat-viewer.app.servlet.version : 2.5
plugin.xnat-viewer.build.groovy : 2.4.4
plugin.xnat-viewer.build.timezone : Europe/London
plugin.xnat-viewer.app.name : xnat-viewer
plugin.xnat-viewer.env.computer : -
plugin.xnat-viewer.app.grails.version : 2.5.4
plugin.xnat-viewer.scm.version : bd7fbe92c8a78f764f2f7015b01d3fe985fa394e
| Packaging Grails application.
| Packaging Grails application..
| Packaging Grails application...
| Packaging Grails application....
| Compiling 972 source files
Note: Some input files use or override a deprecated API.
Note: Recompile with -Xlint:deprecation for details.
Note: Some input files use unchecked or unsafe operations.
Note: Recompile with -Xlint:unchecked for details.
| Compiling 972 source files.
| Compiling 972 source files..
| Compiling 30 source files
| Compiling 30 source files.
| Compiling 30 source files..
| Compiling 30 source files...
| Compiling 30 source files....
| Compiling 30 source files.....
| Compiling 9 source files
| Compiling 9 source files.
| Compiling 9 source files..
| Compiling 9 source files...
| Compiling 9 source files....
| Compiling 359 source files
Note: Some input files use unchecked or unsafe operations.
Note: Recompile with -Xlint:unchecked for details.
  [groovyc] org.codehaus.groovy.control.MultipleCompilationErrorsException: startup failed:
  [groovyc] /home/pmr/git-master/transmart/transmartApp/grails-app/services/ChartService.groovy: 23: unable to resolve class org.jfree.chart.ui.RectangleInsets
  [groovyc]  @ line 23, column 1.
  [groovyc]    import org.jfree.chart.ui.RectangleInsets
  [groovyc]    ^
  [groovyc] 
  [groovyc] 1 error
| Compiling 359 source files.
| Error Compilation error: startup failed:
/home/pmr/git-master/transmart/transmartApp/grails-app/services/ChartService.groovy: 23: unable to resolve class org.jfree.chart.ui.RectangleInsets
 @ line 23, column 1.
   import org.jfree.chart.ui.RectangleInsets
   ^

1 error
